<?xml version="1.0" encoding="UTF-8"?>
<testsuite xmlns:xsi="http://www.w3.org/2001/XMLSchema-instance" xsi:noNamespaceSchemaLocation="https://maven.apache.org/surefire/maven-surefire-plugin/xsd/surefire-test-report.xsd" name="junit.Week4Test" time="0.114" tests="15" errors="0" skipped="0" failures="0">
  <properties>
    <property name="java.specification.version" value="20"/>
    <property name="sun.cpu.isalist" value="amd64"/>
    <property name="sun.jnu.encoding" value="Cp1252"/>
    <property name="java.class.path" value="c:\Users\dangtiendung1201\Desktop\oasis-uet\07JUnit\junit\target\test-classes;c:\Users\dangtiendung1201\Desktop\oasis-uet\07JUnit\junit\target\classes;C:\Users\dangtiendung1201\.m2\repository\junit\junit\4.11\junit-4.11.jar;C:\Users\dangtiendung1201\.m2\repository\org\hamcrest\hamcrest-core\1.3\hamcrest-core-1.3.jar;"/>
    <property name="java.vm.vendor" value="Oracle Corporation"/>
    <property name="sun.arch.data.model" value="64"/>
    <property name="user.variant" value=""/>
    <property name="java.vendor.url" value="https://java.oracle.com/"/>
    <property name="user.timezone" value="Asia/Saigon"/>
    <property name="os.name" value="Windows 11"/>
    <property name="java.vm.specification.version" value="20"/>
    <property name="sun.java.launcher" value="SUN_STANDARD"/>
    <property name="user.country" value="GB"/>
    <property name="sun.boot.library.path" value="C:\Java\bin"/>
    <property name="sun.java.command" value="C:\Users\dangtiendung1201\AppData\Local\Temp\surefire17606370232346943519\surefirebooter17144387573523246694.jar C:\Users\dangtiendung1201\AppData\Local\Temp\surefire17606370232346943519 2023-07-23T10-55-09_509-jvmRun1 surefire243873957691155783tmp surefire_015879010943052440731tmp"/>
    <property name="jdk.debug" value="release"/>
    <property name="surefire.test.class.path" value="c:\Users\dangtiendung1201\Desktop\oasis-uet\07JUnit\junit\target\test-classes;c:\Users\dangtiendung1201\Desktop\oasis-uet\07JUnit\junit\target\classes;C:\Users\dangtiendung1201\.m2\repository\junit\junit\4.11\junit-4.11.jar;C:\Users\dangtiendung1201\.m2\repository\org\hamcrest\hamcrest-core\1.3\hamcrest-core-1.3.jar;"/>
    <property name="sun.cpu.endian" value="little"/>
    <property name="user.home" value="C:\Users\dangtiendung1201"/>
    <property name="user.language" value="en"/>
    <property name="java.specification.vendor" value="Oracle Corporation"/>
    <property name="java.version.date" value="2023-07-18"/>
    <property name="java.home" value="C:\Java"/>
    <property name="file.separator" value="\"/>
    <property name="basedir" value="c:\Users\dangtiendung1201\Desktop\oasis-uet\07JUnit\junit"/>
    <property name="java.vm.compressedOopsMode" value="Zero based"/>
    <property name="line.separator" value="&#10;"/>
    <property name="java.vm.specification.vendor" value="Oracle Corporation"/>
    <property name="java.specification.name" value="Java Platform API Specification"/>
    <property name="surefire.real.class.path" value="C:\Users\dangtiendung1201\AppData\Local\Temp\surefire17606370232346943519\surefirebooter17144387573523246694.jar"/>
    <property name="user.script" value=""/>
    <property name="sun.management.compiler" value="HotSpot 64-Bit Tiered Compilers"/>
    <property name="java.runtime.version" value="20.0.2+9-78"/>
    <property name="user.name" value="dangtiendung1201"/>
    <property name="stdout.encoding" value="Cp1252"/>
    <property name="path.separator" value=";"/>
    <property name="os.version" value="10.0"/>
    <property name="java.runtime.name" value="OpenJDK Runtime Environment"/>
    <property name="file.encoding" value="UTF-8"/>
    <property name="java.vm.name" value="OpenJDK 64-Bit Server VM"/>
    <property name="localRepository" value="C:\Users\dangtiendung1201\.m2\repository"/>
    <property name="java.vendor.url.bug" value="https://bugreport.java.com/bugreport/"/>
    <property name="java.io.tmpdir" value="C:\Users\dangtiendung1201\AppData\Local\Temp\"/>
    <property name="java.version" value="20.0.2"/>
    <property name="user.dir" value="c:\Users\dangtiendung1201\Desktop\oasis-uet\07JUnit\junit"/>
    <property name="os.arch" value="amd64"/>
    <property name="java.vm.specification.name" value="Java Virtual Machine Specification"/>
    <property name="sun.os.patch.level" value=""/>
    <property name="native.encoding" value="Cp1252"/>
    <property name="java.library.path" value="C:\Java\bin;C:\Windows\Sun\Java\bin;C:\Windows\system32;C:\Windows;C:\Windows\system32;C:\Windows;C:\Windows\System32\Wbem;C:\Windows\System32\WindowsPowerShell\v1.0\;C:\Windows\System32\OpenSSH\;C:\MinGW\bin\;C:\SFML-2.5.1\bin;C:\SDL2\SDL2-2.26.2\i686-w64-mingw32\bin;C:\SDL2\SDL2_ttf-2.20.1\i686-w64-mingw32\bin;C:\SDL2\SDL2_mixer-2.6.2\i686-w64-mingw32\bin;C:\SDL2\SDL2_image-2.6.2\i686-w64-mingw32\bin;C:\SDL2\SDL2_net-2.2.0\i686-w64-mingw32\bin;C:\PortableGit\bin;C:\SDL2\SDL2_image-2.6.2\x86_64-w64-mingw32\bin;C:\SDL2\SDL2-2.26.2\x86_64-w64-mingw32\bin;C:\SDL2\SDL2_ttf-2.20.1\x86_64-w64-mingw32\bin;C:\SDL2\SDL2_mixer-2.6.2\x86_64-w64-mingw32\bin;C:\SDL2\SDL2_net-2.2.0\x86_64-w64-mingw32\bin;C:\Program Files\nodejs\;C:\Java\bin;C:\apache-maven-3.9.3\bin;C:\Users\dangtiendung1201\AppData\Local\Microsoft\WindowsApps;C:\Users\dangtiendung1201\AppData\Local\GitHubDesktop\bin;C:\Users\dangtiendung1201\AppData\Local\Programs\Microsoft VS Code\bin;C:\Users\dangtiendung1201\AppData\Roaming\npm;C:\Program Files\JetBrains\IntelliJ IDEA 2023.1.3\bin;;."/>
    <property name="java.vm.info" value="mixed mode, sharing"/>
    <property name="stderr.encoding" value="Cp1252"/>
    <property name="java.vendor" value="Oracle Corporation"/>
    <property name="java.vm.version" value="20.0.2+9-78"/>
    <property name="sun.io.unicode.encoding" value="UnicodeLittle"/>
    <property name="java.class.version" value="64.0"/>
  </properties>
  <testcase name="testMinArray1" classname="junit.Week4Test" time="0.015"/>
  <testcase name="testMinArray2" classname="junit.Week4Test" time="0"/>
  <testcase name="testMinArray3" classname="junit.Week4Test" time="0"/>
  <testcase name="testMinArray4" classname="junit.Week4Test" time="0"/>
  <testcase name="testMinArray5" classname="junit.Week4Test" time="0.001"/>
  <testcase name="testMax2Int1" classname="junit.Week4Test" time="0.001"/>
  <testcase name="testMax2Int2" classname="junit.Week4Test" time="0"/>
  <testcase name="testMax2Int3" classname="junit.Week4Test" time="0"/>
  <testcase name="testMax2Int4" classname="junit.Week4Test" time="0"/>
  <testcase name="testMax2Int5" classname="junit.Week4Test" time="0"/>
  <testcase name="testCalculateBMI1" classname="junit.Week4Test" time="0"/>
  <testcase name="testCalculateBMI2" classname="junit.Week4Test" time="0.001"/>
  <testcase name="testCalculateBMI3" classname="junit.Week4Test" time="0"/>
  <testcase name="testCalculateBMI4" classname="junit.Week4Test" time="0.001"/>
  <testcase name="testCalculateBMI5" classname="junit.Week4Test" time="0.001"/>
</testsuite>